Agent pid 6916
Identity added: /home/cc/.ssh/github_rsa (/home/cc/.ssh/github_rsa)
mkdir: cannot create directory ‘/home/cc/ccgraph500logs’: File exists
mkdir: cannot create directory ‘/home/cc/ccgraph500logs’: File exists
mkdir: cannot create directory ‘/home/cc/ccgraph500logs’: File exists
mkdir: cannot create directory ‘/home/cc/ccgraph500logs’: File exists
4 MPI Processes, scale 24, output_4_24.log
graph_generation:               2.859619 s
construction_time:              19.433029 s
Running BFS 0
Time for BFS 0 is 0.695900
Validating BFS 0
Validate time for BFS 0 is 684.171431
TEPS for BFS 0 is 3.85735e+08
Running BFS 1
Time for BFS 1 is 0.740619
Validating BFS 1
Validate time for BFS 1 is 683.040754
TEPS for BFS 1 is 3.62443e+08
Running BFS 2
Time for BFS 2 is 0.742445
Validating BFS 2
Validate time for BFS 2 is 670.179918
TEPS for BFS 2 is 3.61552e+08
Running BFS 3
Time for BFS 3 is 0.802327
Validating BFS 3
Validate time for BFS 3 is 663.135702
TEPS for BFS 3 is 3.34567e+08
Running BFS 4
Time for BFS 4 is 0.423930
Validating BFS 4
Validate time for BFS 4 is 656.618729
TEPS for BFS 4 is 6.332e+08
Running BFS 5
Time for BFS 5 is 0.682509
Validating BFS 5
Validate time for BFS 5 is 667.061810
TEPS for BFS 5 is 3.93303e+08
Running BFS 6
Time for BFS 6 is 0.731515
Validating BFS 6
Validate time for BFS 6 is 679.251201
TEPS for BFS 6 is 3.66954e+08
Running BFS 7
Time for BFS 7 is 0.662393
Validating BFS 7
Validate time for BFS 7 is 697.186136
TEPS for BFS 7 is 4.05246e+08
Running BFS 8
Time for BFS 8 is 0.722460
Validating BFS 8
Validate time for BFS 8 is 693.302291
TEPS for BFS 8 is 3.71554e+08
Running BFS 9
Time for BFS 9 is 0.933629
Validating BFS 9
Validate time for BFS 9 is 700.423587
TEPS for BFS 9 is 2.87515e+08
Running BFS 10
Time for BFS 10 is 0.751110
Validating BFS 10
Validate time for BFS 10 is 676.489127
TEPS for BFS 10 is 3.57381e+08
Running BFS 11
Time for BFS 11 is 0.741074
Validating BFS 11
Validate time for BFS 11 is 694.717608
TEPS for BFS 11 is 3.62221e+08
Running BFS 12
Time for BFS 12 is 0.661003
Validating BFS 12
Validate time for BFS 12 is 691.056809
TEPS for BFS 12 is 4.06099e+08
Running BFS 13
Time for BFS 13 is 0.814422
Validating BFS 13
Validate time for BFS 13 is 696.387267
TEPS for BFS 13 is 3.29599e+08
Running BFS 14
Time for BFS 14 is 0.621207
Validating BFS 14
Validate time for BFS 14 is 649.941545
TEPS for BFS 14 is 4.32114e+08
Running BFS 15
Time for BFS 15 is 0.496789
Validating BFS 15
Validate time for BFS 15 is 646.750241
TEPS for BFS 15 is 5.40335e+08
Running BFS 16
Time for BFS 16 is 0.762872
Validating BFS 16
Validate time for BFS 16 is 650.055982
TEPS for BFS 16 is 3.51871e+08
Running BFS 17
Time for BFS 17 is 0.676495
Validating BFS 17
Validate time for BFS 17 is 643.007011
TEPS for BFS 17 is 3.96799e+08
Running BFS 18
Time for BFS 18 is 0.740397
Validating BFS 18
Validate time for BFS 18 is 641.852662
TEPS for BFS 18 is 3.62552e+08
Running BFS 19
Time for BFS 19 is 0.697891
Validating BFS 19
Validate time for BFS 19 is 663.475534
TEPS for BFS 19 is 3.84634e+08
Running BFS 20
Time for BFS 20 is 0.328141
Validating BFS 20
Validate time for BFS 20 is 671.254226
TEPS for BFS 20 is 8.18041e+08
Running BFS 21
Time for BFS 21 is 0.571898
Validating BFS 21
Validate time for BFS 21 is 673.524552
TEPS for BFS 21 is 4.69371e+08
Running BFS 22
Time for BFS 22 is 0.327475
Validating BFS 22
Validate time for BFS 22 is 670.673754
TEPS for BFS 22 is 8.19703e+08
Running BFS 23
Time for BFS 23 is 0.717480
Validating BFS 23
Validate time for BFS 23 is 661.947746
TEPS for BFS 23 is 3.74132e+08
Running BFS 24
Time for BFS 24 is 0.421937
Validating BFS 24
Validate time for BFS 24 is 646.089665
TEPS for BFS 24 is 6.36192e+08
Running BFS 25
Time for BFS 25 is 0.692187
Validating BFS 25
Validate time for BFS 25 is 664.985305
TEPS for BFS 25 is 3.87804e+08
Running BFS 26
Time for BFS 26 is 0.399051
Validating BFS 26
warning: You ran 'git add' with neither '-A (--all)' or '--ignore-removal',
whose behaviour will change in Git 2.0 with respect to paths you removed.
Paths like '.runme.swp' that are
removed from your working tree are ignored with this version of Git.

* 'git add --ignore-removal <pathspec>', which is the current default,
  ignores paths you removed from your working tree.

* 'git add --all <pathspec>' will let you also record the removals.

Run 'git status' to check the paths you removed from your working tree.

[master 71bc601] Benchmark 4 processes, scale 24
 2 files changed, 1 insertion(+)
 create mode 100644 output_4_25.log
To git@github.com:jchuahtacc/ccgraph500logs.git
   572e17a..71bc601  master -> master
4 MPI Processes, scale 25, output_4_25.log
graph_generation:               8.089994 s
[proxy:0:1@mpi-instance-1.novalocal] HYD_pmcd_pmip_control_cmd_cb (pm/pmiserv/pmip_cb.c:885): assert (!closed) failed
[proxy:0:1@mpi-instance-1.novalocal] HYDT_dmxu_poll_wait_for_event (tools/demux/demux_poll.c:76): callback returned error status
[proxy:0:1@mpi-instance-1.novalocal] main (pm/pmiserv/pmip.c:206): demux engine error waiting for event

===================================================================================
=   BAD TERMINATION OF ONE OF YOUR APPLICATION PROCESSES
=   PID 12620 RUNNING AT mpi-instance-0
=   EXIT CODE: 15
=   CLEANING UP REMAINING PROCESSES
=   YOU CAN IGNORE THE BELOW CLEANUP MESSAGES
===================================================================================
[proxy:0:3@mpi-instance-3.novalocal] HYD_pmcd_pmip_control_cmd_cb (pm/pmiserv/pmip_cb.c:885): assert (!closed) failed
[proxy:0:3@mpi-instance-3.novalocal] HYDT_dmxu_poll_wait_for_event (tools/demux/demux_poll.c:76): callback returned error status
[proxy:0:3@mpi-instance-3.novalocal] main (pm/pmiserv/pmip.c:206): demux engine error waiting for event
[proxy:0:2@mpi-instance-2.novalocal] HYD_pmcd_pmip_control_cmd_cb (pm/pmiserv/pmip_cb.c:885): assert (!closed) failed
[proxy:0:2@mpi-instance-2.novalocal] HYDT_dmxu_poll_wait_for_event (tools/demux/demux_poll.c:76): callback returned error status
[proxy:0:2@mpi-instance-2.novalocal] main (pm/pmiserv/pmip.c:206): demux engine error waiting for event
[mpiexec@mpi-instance-0.novalocal] HYDT_bscu_wait_for_completion (tools/bootstrap/utils/bscu_wait.c:76): one of the processes terminated badly; aborting
[mpiexec@mpi-instance-0.novalocal] HYDT_bsci_wait_for_completion (tools/bootstrap/src/bsci_wait.c:23): launcher returned error waiting for completion
[mpiexec@mpi-instance-0.novalocal] HYD_pmci_wait_for_completion (pm/pmiserv/pmiserv_pmci.c:218): launcher returned error waiting for completion
[mpiexec@mpi-instance-0.novalocal] main (ui/mpich/mpiexec.c:344): process manager error waiting for completion
warning: You ran 'git add' with neither '-A (--all)' or '--ignore-removal',
whose behaviour will change in Git 2.0 with respect to paths you removed.
Paths like '.runme.swp' that are
removed from your working tree are ignored with this version of Git.

* 'git add --ignore-removal <pathspec>', which is the current default,
  ignores paths you removed from your working tree.

* 'git add --all <pathspec>' will let you also record the removals.

Run 'git status' to check the paths you removed from your working tree.

[master 6d48b6f] Benchmark 4 processes, scale 25
 2 files changed, 61 insertions(+)
To git@github.com:jchuahtacc/ccgraph500logs.git
   71bc601..6d48b6f  master -> master
4 MPI Processes, scale 26, output_4_26.log
