SCALE:                          16
edgefactor:                     16
NBFS:                           64
graph_generation:               0.03528
num_mpi_processes:              4
construction_time:              0.205317
min_time:                       0.00162864
firstquartile_time:             0.00230503
median_time:                    0.00252604
thirdquartile_time:             0.0124029
max_time:                       0.066988
mean_time:                      0.013604
stddev_time:                    0.0207559
min_nedge:                      1048570
firstquartile_nedge:            1048570
median_nedge:                   1048570
thirdquartile_nedge:            1048570
max_nedge:                      1048570
mean_nedge:                     1048570
stddev_nedge:                   0
min_TEPS:                       1.56531e+07
firstquartile_TEPS:             8.45424e+07
median_TEPS:                    4.15103e+08
thirdquartile_TEPS:             4.54905e+08
max_TEPS:                       6.43833e+08
harmonic_mean_TEPS:             7.70781e+07
harmonic_stddev_TEPS:           1.48162e+07
min_validate:                   5.5341
firstquartile_validate:         5.91689
median_validate:                5.95139
thirdquartile_validate:         5.98926
max_validate:                   6.16958
mean_validate:                  5.94055
stddev_validate:                0.0896861
Benchmark was run on 4 processes, scale 16
